<?xml version="1.0" encoding="UTF-8"?>
<testng-results ignored="0" total="1" passed="1" failed="0" skipped="0">
  <reporter-output>
  </reporter-output>
  <suite started-at="2021-05-29T20:24:00 IST" name="Default suite" finished-at="2021-05-29T20:24:05 IST" duration-ms="5076">
    <groups>
    </groups>
    <test started-at="2021-05-29T20:24:00 IST" name="Default test" finished-at="2021-05-29T20:24:05 IST" duration-ms="5076">
      <class name="tests.XMLSchemaValidation">
        <test-method signature="schemaValidation()[pri:0, instance:tests.XMLSchemaValidation@3d680b5a]" started-at="2021-05-29T20:24:00 IST" name="schemaValidation" finished-at="2021-05-29T20:24:05 IST" duration-ms="5028" status="PASS">
          <reporter-output>
          </reporter-output>
        </test-method> <!-- schemaValidation -->
      </class> <!-- tests.XMLSchemaValidation -->
    </test> <!-- Default test -->
  </suite> <!-- Default suite -->
</testng-results>
